0 info it worked if it ends with ok
1 verbose cli [ 'node', '/usr/local/bin/npm', 'start' ]
2 info using npm@2.9.1
3 info using node@v0.12.3
4 verbose run-script [ 'prestart', 'start', 'poststart' ]
5 info prestart podcast-webapp@0.0.5
6 verbose unsafe-perm in lifecycle true
7 info podcast-webapp@0.0.5 Failed to exec prestart script
8 verbose stack Error: podcast-webapp@0.0.5 prestart: `grunt prod`
8 verbose stack Exit status 6
8 verbose stack     at EventEmitter.<anonymous> (/usr/local/lib/node_modules/npm/lib/utils/lifecycle.js:213:16)
8 verbose stack     at EventEmitter.emit (events.js:110:17)
8 verbose stack     at ChildProcess.<anonymous> (/usr/local/lib/node_modules/npm/lib/utils/spawn.js:24:14)
8 verbose stack     at ChildProcess.emit (events.js:110:17)
8 verbose stack     at maybeClose (child_process.js:1015:16)
8 verbose stack     at Process.ChildProcess._handle.onexit (child_process.js:1087:5)
9 verbose pkgid podcast-webapp@0.0.5
10 verbose cwd /Users/jbernus/Dropbox/dev/podcast-webapp
11 error Darwin 14.5.0
12 error argv "node" "/usr/local/bin/npm" "start"
13 error node v0.12.3
14 error npm  v2.9.1
15 error code ELIFECYCLE
16 error podcast-webapp@0.0.5 prestart: `grunt prod`
16 error Exit status 6
17 error Failed at the podcast-webapp@0.0.5 prestart script 'grunt prod'.
17 error This is most likely a problem with the podcast-webapp package,
17 error not with npm itself.
17 error Tell the author that this fails on your system:
17 error     grunt prod
17 error You can get their info via:
17 error     npm owner ls podcast-webapp
17 error There is likely additional logging output above.
18 verbose exit [ 1, true ]
